<?xml version="1.0" encoding="UTF-8"?>
<testsuite xmlns:xsi="http://www.w3.org/2001/XMLSchema-instance" xsi:noNamespaceSchemaLocation="https://maven.apache.org/surefire/maven-surefire-plugin/xsd/surefire-test-report.xsd" name="YamlUtilTest" time="0.11" tests="2" errors="0" skipped="0" failures="0">
  <properties>
    <property name="sun.desktop" value="windows"/>
    <property name="awt.toolkit" value="sun.awt.windows.WToolkit"/>
    <property name="file.encoding.pkg" value="sun.io"/>
    <property name="java.specification.version" value="1.8"/>
    <property name="sun.cpu.isalist" value="amd64"/>
    <property name="sun.jnu.encoding" value="GBK"/>
    <property name="java.class.path" value="F:\code\maven\repo\org\apache\maven\surefire\surefire-booter\2.22.2\surefire-booter-2.22.2.jar;F:\code\maven\repo\org\apache\maven\surefire\surefire-api\2.22.2\surefire-api-2.22.2.jar;F:\code\maven\repo\org\apache\maven\surefire\surefire-logger-api\2.22.2\surefire-logger-api-2.22.2.jar;C:\Users\liuzhipeng\apiFramework\target\test-classes;C:\Users\liuzhipeng\apiFramework\target\classes;F:\code\maven\repo\io\rest-assured\rest-assured\3.3.0\rest-assured-3.3.0.jar;F:\code\maven\repo\org\codehaus\groovy\groovy\2.4.15\groovy-2.4.15.jar;F:\code\maven\repo\org\codehaus\groovy\groovy-xml\2.4.15\groovy-xml-2.4.15.jar;F:\code\maven\repo\org\apache\httpcomponents\httpclient\4.5.3\httpclient-4.5.3.jar;F:\code\maven\repo\org\apache\httpcomponents\httpcore\4.4.6\httpcore-4.4.6.jar;F:\code\maven\repo\commons-codec\commons-codec\1.9\commons-codec-1.9.jar;F:\code\maven\repo\org\apache\httpcomponents\httpmime\4.5.3\httpmime-4.5.3.jar;F:\code\maven\repo\org\hamcrest\hamcrest-core\1.3\hamcrest-core-1.3.jar;F:\code\maven\repo\org\hamcrest\hamcrest-library\1.3\hamcrest-library-1.3.jar;F:\code\maven\repo\org\ccil\cowan\tagsoup\tagsoup\1.2.1\tagsoup-1.2.1.jar;F:\code\maven\repo\io\rest-assured\json-path\3.3.0\json-path-3.3.0.jar;F:\code\maven\repo\org\codehaus\groovy\groovy-json\2.4.15\groovy-json-2.4.15.jar;F:\code\maven\repo\io\rest-assured\rest-assured-common\3.3.0\rest-assured-common-3.3.0.jar;F:\code\maven\repo\io\rest-assured\xml-path\3.3.0\xml-path-3.3.0.jar;F:\code\maven\repo\javax\xml\bind\jaxb-api\2.2.12\jaxb-api-2.2.12.jar;F:\code\maven\repo\com\sun\xml\bind\jaxb-osgi\2.2.10\jaxb-osgi-2.2.10.jar;F:\code\maven\repo\org\apache\sling\org.apache.sling.javax.activation\0.1.0\org.apache.sling.javax.activation-0.1.0.jar;F:\code\maven\repo\javax\activation\activation\1.1.1\activation-1.1.1.jar;F:\code\maven\repo\io\qameta\allure\allure-junit4\2.13.1\allure-junit4-2.13.1.jar;F:\code\maven\repo\io\qameta\allure\allure-java-commons\2.13.1\allure-java-commons-2.13.1.jar;F:\code\maven\repo\io\qameta\allure\allure-model\2.13.1\allure-model-2.13.1.jar;F:\code\maven\repo\org\slf4j\slf4j-api\1.7.25\slf4j-api-1.7.25.jar;F:\code\maven\repo\org\apache\tika\tika-core\1.20\tika-core-1.20.jar;F:\code\maven\repo\org\jooq\joor-java-8\0.9.10\joor-java-8-0.9.10.jar;F:\code\maven\repo\junit\junit\4.12\junit-4.12.jar;F:\code\maven\repo\com\tngtech\java\junit-dataprovider\1.13.1\junit-dataprovider-1.13.1.jar;F:\code\maven\repo\com\fasterxml\jackson\core\jackson-databind\2.10.2\jackson-databind-2.10.2.jar;F:\code\maven\repo\com\fasterxml\jackson\core\jackson-annotations\2.10.2\jackson-annotations-2.10.2.jar;F:\code\maven\repo\com\fasterxml\jackson\core\jackson-core\2.10.2\jackson-core-2.10.2.jar;F:\code\maven\repo\com\fasterxml\jackson\dataformat\jackson-dataformat-yaml\2.9.8\jackson-dataformat-yaml-2.9.8.jar;F:\code\maven\repo\com\alibaba\fastjson\1.2.68\fastjson-1.2.68.jar;F:\code\maven\repo\org\yaml\snakeyaml\1.17\snakeyaml-1.17.jar;F:\code\maven\repo\org\springframework\spring-core\4.2.6.RELEASE\spring-core-4.2.6.RELEASE.jar;F:\code\maven\repo\commons-logging\commons-logging\1.2\commons-logging-1.2.jar;F:\code\maven\repo\org\apache\commons\commons-lang3\3.4\commons-lang3-3.4.jar;F:\code\maven\repo\org\assertj\assertj-core\3.13.0\assertj-core-3.13.0.jar;F:\code\maven\repo\org\apache\maven\surefire\surefire-junit4\2.22.2\surefire-junit4-2.22.2.jar;F:\code\maven\repo/org/aspectj/aspectjweaver/1.9.4/aspectjweaver-1.9.4.jar"/>
    <property name="java.vm.vendor" value="Oracle Corporation"/>
    <property name="sun.arch.data.model" value="64"/>
    <property name="user.variant" value=""/>
    <property name="java.vendor.url" value="http://java.oracle.com/"/>
    <property name="user.timezone" value="Asia/Shanghai"/>
    <property name="java.vm.specification.version" value="1.8"/>
    <property name="os.name" value="Windows 10"/>
    <property name="user.country" value="CN"/>
    <property name="sun.java.launcher" value="SUN_STANDARD"/>
    <property name="sun.boot.library.path" value="D:\Program Files\Java\jdk1.8.0_91\jre\bin"/>
    <property name="sun.java.command" value="org.apache.maven.surefire.booter.ForkedBooter C:\Users\liuzhipeng\AppData\Local\Temp\surefire2153341895137757803 2020-05-07T18-31-07_354-jvmRun1 surefire7086914133130603727tmp surefire_05601144378356299364tmp"/>
    <property name="surefire.test.class.path" value="C:\Users\liuzhipeng\apiFramework\target\test-classes;C:\Users\liuzhipeng\apiFramework\target\classes;F:\code\maven\repo\io\rest-assured\rest-assured\3.3.0\rest-assured-3.3.0.jar;F:\code\maven\repo\org\codehaus\groovy\groovy\2.4.15\groovy-2.4.15.jar;F:\code\maven\repo\org\codehaus\groovy\groovy-xml\2.4.15\groovy-xml-2.4.15.jar;F:\code\maven\repo\org\apache\httpcomponents\httpclient\4.5.3\httpclient-4.5.3.jar;F:\code\maven\repo\org\apache\httpcomponents\httpcore\4.4.6\httpcore-4.4.6.jar;F:\code\maven\repo\commons-codec\commons-codec\1.9\commons-codec-1.9.jar;F:\code\maven\repo\org\apache\httpcomponents\httpmime\4.5.3\httpmime-4.5.3.jar;F:\code\maven\repo\org\hamcrest\hamcrest-core\1.3\hamcrest-core-1.3.jar;F:\code\maven\repo\org\hamcrest\hamcrest-library\1.3\hamcrest-library-1.3.jar;F:\code\maven\repo\org\ccil\cowan\tagsoup\tagsoup\1.2.1\tagsoup-1.2.1.jar;F:\code\maven\repo\io\rest-assured\json-path\3.3.0\json-path-3.3.0.jar;F:\code\maven\repo\org\codehaus\groovy\groovy-json\2.4.15\groovy-json-2.4.15.jar;F:\code\maven\repo\io\rest-assured\rest-assured-common\3.3.0\rest-assured-common-3.3.0.jar;F:\code\maven\repo\io\rest-assured\xml-path\3.3.0\xml-path-3.3.0.jar;F:\code\maven\repo\javax\xml\bind\jaxb-api\2.2.12\jaxb-api-2.2.12.jar;F:\code\maven\repo\com\sun\xml\bind\jaxb-osgi\2.2.10\jaxb-osgi-2.2.10.jar;F:\code\maven\repo\org\apache\sling\org.apache.sling.javax.activation\0.1.0\org.apache.sling.javax.activation-0.1.0.jar;F:\code\maven\repo\javax\activation\activation\1.1.1\activation-1.1.1.jar;F:\code\maven\repo\io\qameta\allure\allure-junit4\2.13.1\allure-junit4-2.13.1.jar;F:\code\maven\repo\io\qameta\allure\allure-java-commons\2.13.1\allure-java-commons-2.13.1.jar;F:\code\maven\repo\io\qameta\allure\allure-model\2.13.1\allure-model-2.13.1.jar;F:\code\maven\repo\org\slf4j\slf4j-api\1.7.25\slf4j-api-1.7.25.jar;F:\code\maven\repo\org\apache\tika\tika-core\1.20\tika-core-1.20.jar;F:\code\maven\repo\org\jooq\joor-java-8\0.9.10\joor-java-8-0.9.10.jar;F:\code\maven\repo\junit\junit\4.12\junit-4.12.jar;F:\code\maven\repo\com\tngtech\java\junit-dataprovider\1.13.1\junit-dataprovider-1.13.1.jar;F:\code\maven\repo\com\fasterxml\jackson\core\jackson-databind\2.10.2\jackson-databind-2.10.2.jar;F:\code\maven\repo\com\fasterxml\jackson\core\jackson-annotations\2.10.2\jackson-annotations-2.10.2.jar;F:\code\maven\repo\com\fasterxml\jackson\core\jackson-core\2.10.2\jackson-core-2.10.2.jar;F:\code\maven\repo\com\fasterxml\jackson\dataformat\jackson-dataformat-yaml\2.9.8\jackson-dataformat-yaml-2.9.8.jar;F:\code\maven\repo\com\alibaba\fastjson\1.2.68\fastjson-1.2.68.jar;F:\code\maven\repo\org\yaml\snakeyaml\1.17\snakeyaml-1.17.jar;F:\code\maven\repo\org\springframework\spring-core\4.2.6.RELEASE\spring-core-4.2.6.RELEASE.jar;F:\code\maven\repo\commons-logging\commons-logging\1.2\commons-logging-1.2.jar;F:\code\maven\repo\org\apache\commons\commons-lang3\3.4\commons-lang3-3.4.jar;F:\code\maven\repo\org\assertj\assertj-core\3.13.0\assertj-core-3.13.0.jar;"/>
    <property name="sun.cpu.endian" value="little"/>
    <property name="allure.results.directory" value="C:\Users\liuzhipeng\apiFramework\target/allure-results"/>
    <property name="user.home" value="C:\Users\liuzhipeng"/>
    <property name="user.language" value="zh"/>
    <property name="java.specification.vendor" value="Oracle Corporation"/>
    <property name="java.home" value="D:\Program Files\Java\jdk1.8.0_91\jre"/>
    <property name="basedir" value="C:\Users\liuzhipeng\apiFramework"/>
    <property name="file.separator" value="\"/>
    <property name="line.separator" value="&#10;"/>
    <property name="java.vm.specification.vendor" value="Oracle Corporation"/>
    <property name="java.specification.name" value="Java Platform API Specification"/>
    <property name="java.awt.graphicsenv" value="sun.awt.Win32GraphicsEnvironment"/>
    <property name="sun.boot.class.path" value="D:\Program Files\Java\jdk1.8.0_91\jre\lib\resources.jar;D:\Program Files\Java\jdk1.8.0_91\jre\lib\rt.jar;D:\Program Files\Java\jdk1.8.0_91\jre\lib\sunrsasign.jar;D:\Program Files\Java\jdk1.8.0_91\jre\lib\jsse.jar;D:\Program Files\Java\jdk1.8.0_91\jre\lib\jce.jar;D:\Program Files\Java\jdk1.8.0_91\jre\lib\charsets.jar;D:\Program Files\Java\jdk1.8.0_91\jre\lib\jfr.jar;D:\Program Files\Java\jdk1.8.0_91\jre\classes"/>
    <property name="user.script" value=""/>
    <property name="sun.management.compiler" value="HotSpot 64-Bit Tiered Compilers"/>
    <property name="java.runtime.version" value="1.8.0_91-b15"/>
    <property name="user.name" value="liuzhipeng"/>
    <property name="path.separator" value=";"/>
    <property name="os.version" value="10.0"/>
    <property name="java.endorsed.dirs" value="D:\Program Files\Java\jdk1.8.0_91\jre\lib\endorsed"/>
    <property name="java.runtime.name" value="Java(TM) SE Runtime Environment"/>
    <property name="file.encoding" value="GBK"/>
    <property name="java.vm.name" value="Java HotSpot(TM) 64-Bit Server VM"/>
    <property name="localRepository" value="F:\code\maven\repo"/>
    <property name="java.vendor.url.bug" value="http://bugreport.sun.com/bugreport/"/>
    <property name="java.io.tmpdir" value="C:\Users\liuzhipeng\AppData\Local\Temp\"/>
    <property name="java.version" value="1.8.0_91"/>
    <property name="user.dir" value="C:\Users\liuzhipeng\apiFramework"/>
    <property name="os.arch" value="amd64"/>
    <property name="java.vm.specification.name" value="Java Virtual Machine Specification"/>
    <property name="java.awt.printerjob" value="sun.awt.windows.WPrinterJob"/>
    <property name="sun.os.patch.level" value=""/>
    <property name="java.library.path" value="D:\Program Files\Java\jdk1.8.0_91\jre\bin;C:\Windows\Sun\Java\bin;C:\Windows\system32;C:\Windows;C:\Program Files (x86)\NetSarang\Xshell 6\;D:\Program Files\Python37\Scripts\;D:\Program Files\Python37\;C:\ProgramData\Oracle\Java\javapath;C:\Windows\system32;C:\Windows;C:\Windows\System32\Wbem;C:\Windows\System32\WindowsPowerShell\v1.0\;C:\Windows\System32\OpenSSH\;C:\Program Files (x86)\NVIDIA Corporation\PhysX\Common;C:\Program Files\NVIDIA Corporation\NVIDIA NvDLISR;C:\Program Files\TortoiseSVN\bin;C:\Users\liuzhipeng\AppData\Local\Android\Sdk\platform-tools;C:\Program Files\Git\cmd;C:\Users\liuzhipeng\.dnx\bin;C:\Program Files\Microsoft DNX\Dnvm\;C:\Program Files (x86)\GtkSharp\2.12\bin;D:\Program Files\apache-maven-3.6.3\bin;D:\Program Files\Java\jdk1.8.0_91\bin;D:\Program Files\Java\jdk1.8.0_91\jre\bin;F:\job\allure-2.13.3\bin;C:\Users\liuzhipeng\AppData\Local\Microsoft\WindowsApps;;D:\Program Files\Microsoft VS Code\bin;."/>
    <property name="java.vm.info" value="mixed mode"/>
    <property name="java.vendor" value="Oracle Corporation"/>
    <property name="java.vm.version" value="25.91-b15"/>
    <property name="java.ext.dirs" value="D:\Program Files\Java\jdk1.8.0_91\jre\lib\ext;C:\Windows\Sun\Java\lib\ext"/>
    <property name="sun.io.unicode.encoding" value="UnicodeLittle"/>
    <property name="java.class.version" value="52.0"/>
  </properties>
  <testcase name="JacksonTest" classname="YamlUtilTest" time="0.005"/>
  <testcase name="YamlUtils2" classname="YamlUtilTest" time="0.099"/>
</testsuite>